1648934085, Text log as a complement to the timesheet
1648934182,  
1648934543, For the first time in 10 years of art practice, I have now a studio space. After so much time without such a dedicated space, I find my art and my life entangled to an extent where I can't seem to understand how to locate my practice within such a delimited place.
1649019034,  
1649019127, Locating labour within place, space and time
1649106256,  
1649106376, Tweeting from the command line interface.
1649106756,  
1649107004, Reducing noise by tweeting from the code editor's terminal.
1649113554, 
1649113637, Build your own interfaces
1649193180,  
1649196312, Nature is technology.
1649289222,  
1649289573, 200 years of media art
1649360504,  
1650400735, You'll find me at the studio tweeting from the command-line interface
1650400785,
1650725993, The weather archive is a score to be reenacted as an ode to the climate.
1650726011,  
1650839734, Anticipatory climate-created seascapes
1650839796, 
1650899566, 8629896 seconds have passed since the beginning of this exhibition. There are 539304 seconds left until the end of the exhibition.
1650917710, 
1651097908, I don't have kids but if I did I would teach them how to tweet from the command-line interface so they can formulate their own thoughts away from sponsored content and algorithmic hell.
1651097932, 
1651252738, So distracted by the fact that wifi is down that I forgot to checkin with app.py
1651252802, I must have been here for over 240 seconds before I realized this delayed --time IN
1651529910,  
1651529978, The studio is only one of many places where art gets made.
1651584484, 
1651607542, the moment you realize your fingerprints are all over those SD cards.
1652106834, 
1652106844, I found inner peace by tweeting from the CLI
1652129765, 
1652817644, I created this web page to facilitate impromptu studio visits. https://vincent.charlebois.info/am-i/
1653177095,  
1653177328, I often need to physically go somewhere but it's impossible to leave because the internet is shouting at me.
1660397982,  
1660397999, Bring Your Own Interface
1663085638,  
1663085757, reallocating attentional resources
1664660121, becoming machine
1664662811, I just left the studio. https://optimistic.etherscan.io/tx/0x669823164af99dd6700fa7fff68d409d6353df73a91bbc7263437e76e510a18d
1664803651, I just arrived at the studio. https://optimistic.etherscan.io/tx/0x20b1584417a6f70a222fee7f2812e1c8ac09626af1395f8c8c3e8713e8ef0716#eventlog
1664815678, I just left the studio. https://optimistic.etherscan.io/tx/0x2da4490b97d9bfe8aa6c3c21e6dea6721821f1beee2573f4b6e6feb9a0620c43#eventlog
1664900209, I just arrived at the studio. https://optimistic.etherscan.io/tx/0x65500d62ec73d1b7f077635dd9bb4acf329a8916436ac09ba77e5f1fb1dd26c8#eventlog
1665254049, I just left the studio and the light sensor measured 1261.51Lux. https://optimistic.etherscan.io/tx/0xad11afb5ebe67becc3f7823fbaf33b43702efaf6baa70fe940d38f4297d1d9d7#eventlog
1665509594, I just arrived at the studio and the indoor temperature was 21.27°C. https://optimistic.etherscan.io/tx/0xc1ead1be7c824b2b7edf4558aec3f18045ce2be53d87a5b08b0fcf18d69bb48c#eventlog
1665525903, I just left the studio and barometric pressure was at 1019.39hPa. https://optimistic.etherscan.io/tx/0x653cca4ff5831a2abee3ed4c8070e5f1405faaf9a9edf9120a47ea8d9d124cd4#eventlog
1665600170, I just arrived at the studio and the light sensor measured 1440.95Lux. https://optimistic.etherscan.io/tx/0x9c5aa242b08751979b33abed38d9579a186d8c63ff752b71f1febfe7c9c73566#eventlog
1665614705, I just left the studio and the humidity levels were at 22.71%. https://optimistic.etherscan.io/tx/0x5c6a19e7eba2fa28b50a90dc8dec3bb7fca3a903bb32f8aaa30c9fa08a258f5f#eventlog
1665753257, Good morning! I just arrived at the studio and the humidity levels were at 29.16%. https://optimistic.etherscan.io/tx/0xf01adf69559c1d7ef00dda64623387d96ebb2c803545a9912bc75f0ec729d6c6#eventlog
1665765676, After a productive morning,  I just left the studio. https://optimistic.etherscan.io/tx/0xb4c5f01ce216e97895a1f208259463eca6240984d967ae045cf7b748e123fdad#eventlog !_ [...] and the light sensor measured 1277.1Lux https://optimistic.etherscan.io/tx/0xf6926678bca4002e9b8d9c0e4913c2fd7a33d5f289cd263e3eee0b349bb8b8ac
1665776742, Thinking about automated transparency as I just arrived at the studio. Environmental conditions update below. https://optimistic.etherscan.io/tx/0x7bb10aeab063812c56ac69130d5f3f38f35454b5c8b8a5d332513a661f13b09a#eventlog !_ [...] and the indoor temperature was 25.33°C https://optimistic.etherscan.io/tx/0xdc8edfe9e649d85d2b824891a85a6788528646e71d56a3cbfa8bebab13971c63
1665790617, Transactionally and physically, I just left the studio. The studio is only one of many places where art gets made https://optimistic.etherscan.io/tx/0x82f908f4426f11e863321ff558b7649b2a62911562c013e9ecf7b84f93b8403b#eventlog !_ [...] and the indoor temperature was 26.03°C https://optimistic.etherscan.io/tx/0x8c9e6c7e59808662701b3786465b1180295c1aa833995d7a8924190feb494c5a
1665947892, Evidently, I just arrived at the studio. https://optimistic.etherscan.io/tx/0x5a082d2b0171900bea8cdbd48f6928a093e711106edf672c1a809bc34f712009#eventlog !_ [...] and the indoor temperature was 22.86°C https://optimistic.etherscan.io/tx/0x30e310d51e25786f8b5bbf785e19c40683f8285b3c01894cc5359bb13d209fea
1665957788, Good evening, I just left the studio. https://optimistic.etherscan.io/tx/0xad479b779d93583da6cc7bb7b311950b2dd5e46f7770e48cff05de565cdb0ebe#eventlog !_ [...] and the light sensor measured 101.56Lux https://optimistic.etherscan.io/tx/0x7a59a9e42b2c72b18b73c978802889f55d4699061cb9861ab5dc41deabb391fd
1666017140, Undoubtedly, I just arrived at the studio. Perceptualizing data https://optimistic.etherscan.io/tx/0x7d342416ccb774d06fbb849d3cf3485ac6c74607678d7546980f5a2a55a62d1d#eventlog !_ [...] and the humidity levels were at 19.56% https://optimistic.etherscan.io/tx/0xf8fd99248ed2d9af22adf91b22b11ed63362458480ba45c2519c0211333e868d
1666028454,  I just left the studio. Thinking about Jacques Tati https://optimistic.etherscan.io/tx/0x45b0a6a1ba6c9d9931c3afb60071fbac8f44c95e1a6ed74147afa9c62f3fbf26#eventlog !_ [...] and the light sensor measured 775.51Lux https://optimistic.etherscan.io/tx/0xbdf83356ff58ac8b1a396f9ccc90dee409eacfba3560a9338124c9838d4b26c4
1666036399, Once again, I just arrived at the studio. On-chain repetition https://optimistic.etherscan.io/tx/0x5b75cbdf9132bc5e577d0e5f28840d3c20af1c107d1ac172c056b923277e2163#eventlog !_ [...] and the light sensor measured 52.71Lux https://optimistic.etherscan.io/tx/0x24dbd2907de1c1a0b06192feb6ee69c96ac1c7663d61f368731751c56721b038
1666043403, Decidedly, I just left the studio. Smart contract as interfaces with environmental conditions https://optimistic.etherscan.io/tx/0x5e0c2736febeb77f8cea9b8ce019cc30b3bbcd48d133fa017859c9f9d2237c2f#eventlog !_ [...] and the light sensor measured 78.78Lux https://optimistic.etherscan.io/tx/0x06bc9ebeb7ccaa6e7da195ecbd7e20c41f7a0b775ab03a6f812c8871c809ee28
1666101421, This tweet has been automated for you to know that I just arrived at the studio. https://optimistic.etherscan.io/tx/0x9be04c93adc5c6c84740c048c8a34e593082423df52713d26cfde7deab7cce07#eventlog !_ [...] and the indoor temperature was 22.28°C https://optimistic.etherscan.io/tx/0xaef647e6aa650859d71f83e035197062302de7d833f1b96e5c7eebd15dd8d08c
1666109702, As I just left the studio, I would like to remind you that this is only one of many places where art gets made. https://optimistic.etherscan.io/tx/0xbb2f4d4da3f63786dfc903e8a13eadba2b5098d7d45f80c074fa0b503c6ca9eb#eventlog !_ [...] and the light sensor measured 1112.27Lux https://optimistic.etherscan.io/tx/0xe73419649dc574f41174220f2eb6d822d55dc7e539127579589cf1fbb896c78b
1666188985, Performatively, I just arrived at the studio https://optimistic.etherscan.io/tx/0xf44d37b701152ab31b08a077ac07485db24edd11332ed30de1de407d6ed169ea#eventlog !_ [...] and the humidity levels were at 20.27% https://optimistic.etherscan.io/tx/0xba5a5fee5476e0f559a8cc604b13c9ec1ff515cbc066a0a8ec81f930e8034124
1666200459, Transparently, I just left the studio https://optimistic.etherscan.io/tx/0x60bc399de9a8b1709aa822766a21c5fa9103d2a115038ac84bad2cd33e77859b#eventlog !_ [...] and the light sensor measured 1351.4Lux https://optimistic.etherscan.io/tx/0x8c690dc11eefa691e10286b7f6e26bf46b097b8f9f3733771fe171f0f4881c31
1666616125, Cryptographically, I just arrived at the studio https://optimistic.etherscan.io/tx/0xb5a1c182e0c631475a19700b25a4c9206f886c96ef69da360690dac78de910b2#eventlog !_ [...] and the indoor temperature was 22.72°C https://optimistic.etherscan.io/tx/0xfde9dcaacc77a6fbbd24bc12683fe158b588aed2bd7ecc68b662cd0d78179e5a
1666640252, Publicly, I just left the studio https://optimistic.etherscan.io/tx/0xcc56210db9ac951d1421450afad0e1c5361366d430f1a9747f72e309ba79c4eb#eventlog !_ [...] and the light sensor measured 1796.44Lux https://optimistic.etherscan.io/tx/0x66bc66312b1b6546f7633c78fb630279d6b315aaa0ddc7e84cfabe1f46caab1c
1666703078, I just arrived at the studio. See the following transaction as a Proof of Presence https://optimistic.etherscan.io/tx/0x91ddab0c5d440c2512994900daa04e7ef32b9315fc0fdfcbe403dea6ac0ff2f3#eventlog !_ [...] and the indoor temperature was 23.18°C https://optimistic.etherscan.io/tx/0x0cc4f65f3484c7e2684f72df6fce4110e4911cadfca8e1378b9ffdc583933bda
1666719257, From the command line interface, I confirm that I just left the studio. Performing on-chain presence https://optimistic.etherscan.io/tx/0x68794bbe3fb858ec456ed94f5faf94a6f254c1db484ab0bb118b163159f684bc#eventlog !_ [...] and the light sensor measured 953.69Lux https://optimistic.etherscan.io/tx/0xdf4e0003a1e6feed445b0292d1c0c361a77cd27535497fea0037261124c3a730
1666729409, This automated tweet confirms that I just arrived at the studio https://optimistic.etherscan.io/tx/0x7b80efb083f46b5009b70291274d9fbe6e1deff5332cf8d9aa026224379547ce#eventlog !_ [...] and the light sensor measured 1860.99Lux https://optimistic.etherscan.io/tx/0xdec96503d8ffb0cae0a76cceb431ae53ae76871df6696eaa268894520d96275f
1666737147, togglePresence() on my smart contract, I just left the studio https://optimistic.etherscan.io/tx/0xbbfad2d1e61af6fb31398cee8861a518e172d05c1dc7c6a94f487181d562c99d#eventlog !_ [...] and the indoor temperature was 24.82°C https://optimistic.etherscan.io/tx/0x9827d2f17fc0a94da910827030cb21fc15c8461514bdc9b40acc8fb92f6f7781
1666907192, Logging in, I just arrived at the studio https://optimistic.etherscan.io/tx/0xdf0b8be6159b582d4e8499a35715a10306eda64d7fc1e2d9d0b4b8bf36c7707e#eventlog !_ [...] and barometric pressure was at 1026.83hPa https://optimistic.etherscan.io/tx/0x11a731b9470f3813d4e14e21c9a230bd6d22dd432991120088dd3e9f1e931e55
1666909335, Proof that I just left the studioand that this on-chain performative timekeeping exercise is far from over https://optimistic.etherscan.io/tx/0xe91deb683f6b0b9133919e153ede9bfeea9ead0be697d0ce716334b83365af9a#eventlog !_ [...] and the humidity levels were at 27.71% https://optimistic.etherscan.io/tx/0x878f4101618d30a1102d003396f9f82eeb076c2c78414ca379b4726fe19ac7f2
1666980883, Performing the archive, I just arrived at the studio https://optimistic.etherscan.io/tx/0x45b7d8fbc0eb37b92ba0588e66c1b11a940783650d49cbbd1b809a2b6fb43492#eventlog !_ [...] and barometric pressure was at 1034.55hPa https://optimistic.etherscan.io/tx/0x59748dc770b1071a0ff379cc5fc456e41da0316512abd1b65587e4961c11714b
1666990012, My presence log repeatedly announces my ins&outs. I just left the studio https://optimistic.etherscan.io/tx/0x3b0790596e9114329bff65a85dc9609a715568909fcf1b33e637dbe96e32eeaa#eventlog !_ [...] and barometric pressure was at 1033.48hPa https://optimistic.etherscan.io/tx/0xebbb3d811ddfb73bd653e4d7e2fe131d7ab0ebaade5a4351f59d0e462167474a
1667056670, Bonjour, hi! I just arrived at the studio https://optimistic.etherscan.io/tx/0x8a21f18c99861bb1c8bf0c43fe54abc1bcd7d6c859ba744d99c8178964784f8e#eventlog !_ [...] and barometric pressure was at 1030.03hPa https://optimistic.etherscan.io/tx/0x9306015fb9ab60d247f1c478767e88578dbcf54fafc5a74663935b4eba26f291
1667073300, Time Tracking Piece (One Year Performance) and I just left the studio. An on-chain hommage to Tehching Hsieh https://optimistic.etherscan.io/tx/0x9e13355f39fee021e5923ce3a7c52d2f93144215a3d2aaaff7f0ae873fec36de#eventlog !_ [...] and the light sensor measured 1764.92Lux https://optimistic.etherscan.io/tx/0x95cb38bfa07ffb244f483fe04813dabfc23ff5bcb7dee3af8ffa09af4d4ae786
1667163116, Delivering contextualized transactions, I just arrived at the studio https://optimistic.etherscan.io/tx/0x26ef76975f8529c2b092b7a90e8c4048000d887682974e5284026de83bbc0fc8#eventlog !_ [...] and the light sensor measured 4142.15Lux https://optimistic.etherscan.io/tx/0x4be2835e38f9a65e97fa3e0385d40f7873fbdcb39a13cfd2d07d3918ac9e31ce
1667170540, Statement: I just left the studio https://optimistic.etherscan.io/tx/0xa5f50b47c0e4eb5985c173e503fc694bb0d3ad25086449d687c244984cff0ce3#eventlog !_ [...] and the indoor temperature was 24.34°C https://optimistic.etherscan.io/tx/0x4415143251a8e04bf8d719444987a9af6f550cd3c9bcb10ec8918f8ccf0975a8
1667238899, I just arrived at the studio https://optimistic.etherscan.io/tx/0x4a08f761332bfc1aeeac02c8cc3b3262618bd38ec345087471f2af49323c1566#eventlog !_ [...] and the indoor temperature was 14.06°C https://optimistic.etherscan.io/tx/0x0b71915c853adf5ace0cd7e8bde47535590fe742d4e51e522a485ed78291ab5f
1667253815, IRL and URL, I just left the studio https://optimistic.etherscan.io/tx/0xf0b23e9b75a6d7359e7a92fa6bd6c134bd887d2cde699fe86a5b12de77a752bb#eventlog !_ [...] and the humidity levels were at 20.62% https://optimistic.etherscan.io/tx/0xf08a91c03b43fcd68060447f41f55af7075112b93cf6d30a81f82a7409bd3e95
1667313633, The ritual of logging in - I just arrived at the studio https://optimistic.etherscan.io/tx/0xf460ca0ced1c4f65e73280ed24b857bd4975853402d3efce4afa3345c78b53e8#eventlog !_ [...] and the humidity levels were at 23.6% https://optimistic.etherscan.io/tx/0x360e804c25e2888a13a954493cf27206caa67cb8f7ec0b09306531694b73df2e
1667319432, At 12:14 local time, I just left the studio to eat lunch https://optimistic.etherscan.io/tx/0xdd3c249026e99b9df042deaa3169fc31b2b298ed8adea006fda965c28f6d05ec#eventlog !_ [...] and the indoor temperature was 23.5°C https://optimistic.etherscan.io/tx/0xebedab2586bd34123bfd441b1e63f98a2fcda956700ecda34763ab205104880d
1667336360, As a durational performance, I just arrived at the studio https://optimistic.etherscan.io/tx/0xbbd6a23fcbd2f05b6693dc89524be3f9c36b863ae5ed326b931eb175bee0090c#eventlog !_ [...] and the indoor temperature was 25.53°C https://optimistic.etherscan.io/tx/0xb1a38bdfe01f58571f49a8a806f3d37345a72bd4726bcf508f723baf0a64091a
1667342954, On movement, I just left the studio https://optimistic.etherscan.io/tx/0x72c982323a7fb49a3b687b88c86d92395e12c718152019a099ecedda79ce4d53#eventlog !_ [...] and the indoor temperature was 22.9°C https://optimistic.etherscan.io/tx/0x4a4f0212daebc90770cb7e74a057ff482c358a9cae33c2e4caf07708c8ac21c0
1667395549, gm, I just arrived at the studio https://optimistic.etherscan.io/tx/0x7d9bc56442735a593de2589fc58d02e6d7a2a66920c8cf3a55289051c2e90a83#eventlog !_ [...] and the light sensor measured 1143.0Lux https://optimistic.etherscan.io/tx/0x2945f235e58281bc2273f3a7b8924db81d0b54fbe9531ddf917b650a72268636
1667404035,  I just left the studio: A performance https://optimistic.etherscan.io/tx/0xc4b4045a5864fa5f89abf2b3dce0aece37950cfe424f538e31df1481a8f87954#eventlog !_ [...] and barometric pressure was at 1028.53hPa https://optimistic.etherscan.io/tx/0x2c71c8c91b0ecd84f164abb2ada213655f36a9243ceb8f783ad81320891ea091
1667411745,  I just arrived at the studio at the intersection of siesta and group meetings https://optimistic.etherscan.io/tx/0xfdf5e4a2d8fbecd210f32f0d35be1168ed322c028630429e1eb1f256a14f868c#eventlog !_ [...] and the indoor temperature was 21.53°C https://optimistic.etherscan.io/tx/0x1addf7b43ab4bd720a946bfb7523e0141ffd968362b7e951f6b808365fdffd91
1667425575, As I just left the studio, I'd like to remind you of the importance of customizing your interfaces. https://optimistic.etherscan.io/tx/0x6fb459779c2405e2a6918bb43df1eaee7d7b0f046296a3c8d0f99718f0ef97ea#eventlog !_ [...] and barometric pressure was at 1027.08hPa https://optimistic.etherscan.io/tx/0xe628506b6992ac908bde6c36898cd761bd7d7b02d93ebda7baa0bca943f3d4aa
1667571569, Ubiquitously, am I at the studio?
Performatively,  I just arrived at the studio https://optimistic.etherscan.io/tx/0xfa68a72a52f1cfdbf73e79bcab4e7f145c4a7550847ee2fbc8108379e1c5537e#eventlog !_ [...] and the humidity levels were at 20.34% https://optimistic.etherscan.io/tx/0x452dbe456940f7e74e9b0758445081c36b780366f91809ced56a5fcb097dfacd
1667578909, sh log.sh OUT
 I just left the studio https://optimistic.etherscan.io/tx/0x31c868ccc5252e7094a3b7ade0011ce7b3cfddf87241399713fcd5f2a78f3301#eventlog !_ [...] and the light sensor measured 1071.67Lux https://optimistic.etherscan.io/tx/0xddaff21d5f13863be770f9a6fc70818b214affb30c2dac9f338029c1394cbbe7
1667658104, Proof of presence
 I just arrived at the studio https://optimistic.etherscan.io/tx/0xba56ca5a1f79c7f606bf70c8389c3877d8743c34c3335fe640243763b8a06e81#eventlog !_ [...] and the light sensor measured 1420.51Lux https://optimistic.etherscan.io/tx/0xd2082f0bf83b6c6be223183597c64fd1a24d44e7d49b3afd37a8fa6e54f88ffb
1667666446, I just left the studio https://optimistic.etherscan.io/tx/0xf0f36fe9680e8933e750d3b26bcb67769e37513c962e802c2a46249a0d92cf4b#eventlog !_ [...] and the light sensor measured 771.23Lux https://optimistic.etherscan.io/tx/0x204232a1aa03a1a6a78ca63c8b83b6727b25be34d8441cbaebf07fd378bf6574
1667845756, *Optimystic,
 I just arrived at the studio https://optimistic.etherscan.io/tx/0x9ee73ee0516ebf38f59e3c803f0eccc5610754d6068ff001c956e0ee0dd36c25#eventlog !_ [...] and the indoor temperature was 20.99°C https://optimistic.etherscan.io/tx/0x900769a09225e45c740b12eb342f4a88e86ddb1e0b2448b50475d994b38fb058
1667859694, Without a doubt,
 I just left the studio https://optimistic.etherscan.io/tx/0x934940c0397132c69cdf457096b7657b36ec53cf40fba417257dd0100a5b5021#eventlog !_ [...] and the indoor temperature was 22.13°C https://optimistic.etherscan.io/tx/0xfc20222bcf4c2f896f6562f820bfe90618d9d50dd79b239ed1ea286e9804a8b5
1667939976, Indiscreetly,
 I just arrived at the studio amazed by the beams of light bouncing off the desk. https://optimistic.etherscan.io/tx/0x137ae036c027de53892edd7b5fc1504bb37c2102f4a06a9b1864632cb06246cb#eventlog !_ [...] and barometric pressure was at 1037.34hPa https://optimistic.etherscan.io/tx/0xb5c1dad704e4e7d65499db1ec70eff2ea64d25c77c01bff601fad94f99e6b899
1667948717, blockchained (trans)actions, I just left the studio- setting the decentralised record straight https://optimistic.etherscan.io/tx/0xd83b2b9d9f5597c8dd026dd2fb5ab2be229c699a55dbc54dcabe09b42d84eef4#eventlog !_ [...] and the light sensor measured 81.44Lux https://optimistic.etherscan.io/tx/0xc5212dad92b9c3d1a8d430f80d104e63f2123ac5ec072dbd48918621991241ae
1668016036, Inspired,
 I just arrived at the studio. It's a sunny/cold day https://optimistic.etherscan.io/tx/0x4895473a756aa5d5003507cbc131fdcec6b5504f87879a68ba40b3cdb7db3f17#eventlog !_ [...] and the indoor temperature was 17.26°C https://optimistic.etherscan.io/tx/0x14fca10015a1bbbe9569f30964fd21dfa59ccd4a1c6587fe4ae88c715cde3be7
1668030704, Ecologies, technologies,
 I just left the studio https://optimistic.etherscan.io/tx/0xec8df500a16880143358af22db8e955d111a6fdf5a979cdbde49787ea6e33fa9#eventlog !_ [...] and the indoor temperature was 19.04°C https://optimistic.etherscan.io/tx/0xd905b4b6c17c1665cca84901d17ea8352fb5665ebb2aa65001b6d0aadb168aff
1668086956, Good morning,
 I just arrived at the studio https://optimistic.etherscan.io/tx/0x2250946cf182c367a439201f105f47fd2eac3fc1c93c91e769a822ca3f234591#eventlog !_ [...] and barometric pressure was at 1019.74hPa https://optimistic.etherscan.io/tx/0x17e2174e8388f814fac571843a88baa5ea3bcd94149f59b997c9bd3f191a0ad6
1668103732, Ritual of reenchantment,
 I just left the studio https://optimistic.etherscan.io/tx/0xfbe482c07f505ec826e3ecf8f1ccbef4f79f715ee842fac5a86c66adbf4f2248#eventlog !_ [...] and the light sensor measured 643.2Lux https://optimistic.etherscan.io/tx/0x093365f67437ef69698ef75e5805e7df2cdd69ba355147d4cc52618af1e0c70e
1668270767, Logging in:
-Toggle presence
-Fetch environmental conditions
-Update smart contracts
-Tweet link to transaction I just arrived at the studio https://optimistic.etherscan.io/tx/0x05cb77e47de7b9060e8572538668a5d03e4a11ea12e8c6bdddfce1e7f8f00c5f#eventlog !_ [...] and the indoor temperature was 19.44°C https://optimistic.etherscan.io/tx/0xb0ed918f450760689db34479a2a2d9631c90a4c17b833556efb6c45caf75bccf
1668279776, Logging out:
Weather report at https://vincent.charlebois.info/weather/report.html?654
The studio is only one of many places where art gets made.
 I just left the studio https://optimistic.etherscan.io/tx/0x1bfb4ef154440152453a919d1334d2793e4ccec5ba647f47d01f2ee27cad5752#eventlog !_ [...] and barometric pressure was at 999.6hPa https://optimistic.etherscan.io/tx/0xe312488dde5c076f9f542c4faf4092987e77b5e49a01bb4ef517d57582404fb1
1668441396, Geolocated signals;
 I just arrived at the studio https://optimistic.etherscan.io/tx/0xf348d6b8acad5677612b42d680af33edc337e59f73d97638989172179f96ea44#eventlog !_ [...] and the light sensor measured 1032.35Lux https://optimistic.etherscan.io/tx/0x35a35faf884c7ff0606bc49b1065e21c41f3dde9e911405ebfc66c598f9b896c
1668452364, Presence implies absence.
 I just left the studio https://optimistic.etherscan.io/tx/0x2edc3d69d90ae7b02d16d923ee6bda87630b45ae877fcaecc691d819b46a02c4#eventlog !_ [...] and barometric pressure was at 1024.29hPa https://optimistic.etherscan.io/tx/0xee1ba7869ef8ced86f422ac31f3ee3e4b0e7ef3876cf46c971cb4e2078a9a0da
1668621718, It is snowing and I just arrived at the studio https://optimistic.etherscan.io/tx/0x22bccf3ca2efeb0eb60e518bb944f95f93849a7f328808922a81edb01b69a1c5#eventlog !_ [...] and the light sensor measured 437.21Lux https://optimistic.etherscan.io/tx/0x469d1dd0af72f76881f3bcdb8e995284183555c5312b7aeda57dd7af5e7a9621
1668635623, I just left the studio https://optimistic.etherscan.io/tx/0x018203f3570f31cb8ea5d7e86e335f50cf940b57e8288ceceff24bb3dcb22093#eventlog !_ [...] and the light sensor measured 83.22Lux https://optimistic.etherscan.io/tx/0xf65593e754d8a88485f69e80688b8e728223407f336ce592377b477b0041d7d9
1668794279, 'Presence is not a binary concept but a directional one, with greater or lesser degrees possible.' I just arrived at the studio https://optimistic.etherscan.io/tx/0x0b33c5e803abde8e88712bb0bc12685b56624f386cd9c88effdc39e23f19297e#eventlog !_ [...] and the indoor temperature was 19.9°C https://optimistic.etherscan.io/tx/0x0df90df3e14c4e4b4bf191034442e68c397ee78dbc537ebf9a76533cd6d7f2b5
1668805464, Transactional aesthetics,
 I just left the studio https://optimistic.etherscan.io/tx/0x34547344a2cb6972ecc01637f30bfa19e6788c4307919eed13f21a4122856a13#eventlog !_ [...] and barometric pressure was at 1011.79hPa https://optimistic.etherscan.io/tx/0xd0dd759ee405f920a7d9bb405a7e356ba99bdfc56c09a7f36c50981b87d6022f
1669046775, Feels like -8 degrees C outside,
 I just arrived at the studio https://optimistic.etherscan.io/tx/0x046cf9c1e016e379c32a7b7fc8b9486d091b7e43d663076b18657a60619a9b09#eventlog !_ [...] and barometric pressure was at 1019.85hPa https://optimistic.etherscan.io/tx/0x6cd9a1fe7f940c0e06f261e98709a22bd3094b18b942b6c3404b1370a853ce9a
1669053276, Logging out for lunch, I just left the studio. Mediated presence on distributed ledger technology https://optimistic.etherscan.io/tx/0x75eee787ce5c2fe928344c5f388538569829566665356f33c157e6f0ac32fd62#eventlog !_ [...] and barometric pressure was at 1016.03hPa https://optimistic.etherscan.io/tx/0x021979f68f084d94c9d29f2fff6117b997944a532a263df2e034fb0bb00d5f6f
1669060425, From the command line, I confirm that  I just arrived at the studio https://optimistic.etherscan.io/tx/0x499d0a362a8e3d1b5ecf78673cb3eaa7b8790b4e3e6ba8c5647383837b71eb8b#eventlog !_ [...] and the light sensor measured 347.34Lux https://optimistic.etherscan.io/tx/0x25920aa644f6f7a3e264884a3536c8dbebad643958321617a1086c1280d8c57c
1669072371,  I just left the studio. It's cold. Yet, the studio is only one of many places where art gets made https://optimistic.etherscan.io/tx/0x957736b628351cd1b73b5c10651f8a09a3e64d59aa9d1abded79b99cc289514a#eventlog !_ [...] and the indoor temperature was 20.1°C https://optimistic.etherscan.io/tx/0xb5867744db77a8587429e6bb1fd14820b19f6a6b70d73f54fb690198d7c3b888
1669236357, Interacting with a contract as performance art. I just arrived at the studio https://optimistic.etherscan.io/tx/0x5257a99e87a02b07b7c99db14e9dae80295f166a9674b6ae4f22acd8f837459a#eventlog !_ [...] and barometric pressure was at 1023.61hPa https://optimistic.etherscan.io/tx/0x438fa873a8445e7d0668d190641f18059c31797fba809e309e971dd6ba770834
1669243491,  I just left the studio. Hold on to this transaction in my absence https://optimistic.etherscan.io/tx/0x379123c6388867299bac9e407c1902097b59aa9720789aa15565e6c40ff86c8a#eventlog !_ [...] and barometric pressure was at 1025.44hPa https://optimistic.etherscan.io/tx/0x5ca30513b82e352caafc9c4206d9f29309e6201ed5627150e028dddd42b2d362
1669330977,  I just arrived at the studio- I needed an HDMI cable. https://optimistic.etherscan.io/tx/0xabdab0341d5eb7ef690cb7477e367877aec3e11bd9f314f313c626533b09e326#eventlog !_ [...] and the indoor temperature was 19.66°C https://optimistic.etherscan.io/tx/0x40b16154b282a5865c42a51f42aca10202fdd40343f2838f5d8c18cd86b0fd6d
1669331262,  I just left the studio. This might have been my shortest *visit* https://optimistic.etherscan.io/tx/0x8cff31ff3541498e196bf0fec8dd991540082ab33831a8a726db85d26e173a85#eventlog !_ [...] and barometric pressure was at 1020.31hPa https://optimistic.etherscan.io/tx/0xc33c7bfe14bab7e7c1399b6d6857e3a817b99be1e909041f7f3e4fff2f381041
1669413322, I just arrived at the studio https://optimistic.etherscan.io/tx/0x92f86ebd8070a408483c54617862bba2ca9569b46538251f90c9dc86aae7a99a#eventlog !_ [...] and barometric pressure was at 1004.69hPa https://optimistic.etherscan.io/tx/0x65e7461d97253137e450f3b71cc5fdce34fba371c3bf24492fe0e428dc934502
1669420928, As a durational performance,
 I just left the studio https://optimistic.etherscan.io/tx/0x03b01d4dac32eff239b3f8e1ca44935245b1509a071d92ddca1b99ff8785f27f#eventlog !_ [...] the indoor temperature was 19.94°C
the humidity levels were at 19.61%
the light sensor measured 1.35Lux
and barometric pressure was at 1006.94hPa https://optimistic.etherscan.io/tx/0x1e7eb1fffce1f54b4494a224e447579bb4fe02157c08bf9a4b485882255249e5
1669677068,  I just arrived at the studio. https://vincent.charlebois.info/presence Last night, I created the dashboard's french translation. https://optimistic.etherscan.io/tx/0x7760f87050ff1fdca263ca86c32f22ca007894c797f7d3dc82c49c09b220d8af#eventlog !_ [...] the indoor temperature was 20.21°C
the humidity levels were at 19.21%
the light sensor measured 54.18Lux
and barometric pressure was at 1014.15hPa https://optimistic.etherscan.io/tx/0x1d3bdb8d0a183d3dd35abd32f7e4f607b2ef9bb4682ab50b18f20ceced3c8fdf
1669683541,  I just left the studio. Au revoir https://optimistic.etherscan.io/tx/0xe48ee0a356934ebfb9574b411f9ad5b21ebbff8f91a60a9247dfec262ebbb2c5#eventlog !_ [...] the indoor temperature was 20.83°C
the humidity levels were at 19.43%
the light sensor measured 2.32Lux
and barometric pressure was at 1016.11hPa https://optimistic.etherscan.io/tx/0x57fa4af339ef75a46cdcb41b44325c9f749342e80acf242fb35f8c993919e210
1669759712,  I just arrived at the studio thinking about the invention of photography https://optimistic.etherscan.io/tx/0x57a0579340b306c90133e76495faa73ec1c0b354916c5e03fd08c7505a71a0d8#eventlog !_ [...] the indoor temperature was 19.65°C
the humidity levels were at 17.76%
the light sensor measured 66.04Lux
and barometric pressure was at 1024.47hPa https://optimistic.etherscan.io/tx/0xf85d7982722879082dbb9c736d28736103ef31acf2e196bfdd50b12d9b4125bd
1669765774, Resolved dependencies.
 I just left the studio https://optimistic.etherscan.io/tx/0x84cf9b9248d1705f1112aa9d568ea6a18e718eaf59d3976fdefcef9a9fa11b58#eventlog !_ [...] the indoor temperature was 20.46°C
the humidity levels were at 18.21%
the light sensor measured 64.38Lux
and barometric pressure was at 1023.64hPa https://optimistic.etherscan.io/tx/0x13626247f5a96a996dad2f1b129fb0850bf0c87b03028beaf1c6136f5f23d2f3
1670000798,  I just arrived at the studio and I toggled my presence on chain. https://optimistic.etherscan.io/tx/0xca4e59139a7a5ceed57283b14638f6f3d093b85904349d2541a51d113983e0e6#eventlog !_ [...] the indoor temperature was 18.9°C
the humidity levels were at 16.52%
the light sensor measured 764.92Lux
and barometric pressure was at 1027.52hPa https://optimistic.etherscan.io/tx/0x84c0b1ca6666102a0115ef4a116192d93abc07fc7f93f8b08560f434c9f85f3c
1670013076,  I just left the studio. The studio is only one of many places where art gets made. https://optimistic.etherscan.io/tx/0x612a261c7b373210aba58f7074f3fbcc2c749befe6c1ba20fa87c80dcadfd9da#eventlog !_ [...] the indoor temperature was 20.5°C
the humidity levels were at 18.36%
the light sensor measured 279.45Lux
and barometric pressure was at 1025.19hPa https://optimistic.etherscan.io/tx/0xba5322688c553767595789e202d8ddb7be57c6441d67e31a71586927ec176bb7
1670277611, A durational performance; 
 I just arrived at the studio. A blockchain environmental presence log https://optimistic.etherscan.io/tx/0xe9f14856ecbcb015aba79d87913655559550ca873d58174802cf1665d0b2e269#eventlog !_ [...] the indoor temperature was 19.0°C
the humidity levels were at 17.92%
the light sensor measured 86.87Lux
and barometric pressure was at 1017.7hPa https://optimistic.etherscan.io/tx/0x42eab335b8dbe0f65d2525c278b03199fcb65fb9f1b3142da2e0cfd2319603d0
1670282682, Storytelling Transactions. I just left the studio https://optimistic.etherscan.io/tx/0x8f6d19e2d65d5155abc17920f24c206ff9a29d2df55785b34680fd4f34c6b476#eventlog !_ [...] the indoor temperature was 19.42°C
the humidity levels were at 18.49%
the light sensor measured 79.11Lux
and barometric pressure was at 1018.97hPa https://optimistic.etherscan.io/tx/0xce4fda377379e10b28309d509ab8f4a31e53d96efeae93a48895ab0c1d95eb68
1670455921, Ritual on arrival -, I just arrived at the studio https://optimistic.etherscan.io/tx/0x3132b3a30a52ad09c7ac2ad4ee715cb8f4c706d01c22d72835e73d2f5dcf85e0#eventlog !_ [...] the indoor temperature was 20.74°C
the humidity levels were at 25.02%
the light sensor measured 85.21Lux
and barometric pressure was at 1017.3hPa https://optimistic.etherscan.io/tx/0x39fd089cde52261d98ee44444265147bb43d69517e263914e9af1070130c7adc
1670459863, Meaningful departures - I just left the studio https://optimistic.etherscan.io/tx/0x3d8b63c7171635bda9a716bf74ebfb530d3ab16b3e077c8363fc14dc8f1e0619#eventlog !_ [...] the indoor temperature was 20.94°C
the humidity levels were at 26.85%
the light sensor measured 83.22Lux
and barometric pressure was at 1018.0hPa https://optimistic.etherscan.io/tx/0x37030f012069a89f553f3375093b4b2760fd1292736b99a63c3d94227f5a2441
1670535382, The sun is setting. I just arrived at the studio https://optimistic.etherscan.io/tx/0xc514cdb90a6bc1958d5d30df138c88fc62279dfd6016ed79feeec8710f244f28#eventlog !_ [...] the indoor temperature was 19.25°C
the humidity levels were at 22.57%
the light sensor measured 94.35Lux
and barometric pressure was at 1025.73hPa https://optimistic.etherscan.io/tx/0x45cbe69b06da3daa87b98b7b34a9eb308b10a1ac0c6fde8e76524ec120d5488d
1670544222, An exploration of distributed timekeeping; I just left the studio https://optimistic.etherscan.io/tx/0xd16bb6a071616af8c94eb750ffe3467005baf13cbc93f04973edebd1464a730e#eventlog !_ [...] the indoor temperature was 20.04°C
the humidity levels were at 22.2%
the light sensor measured 81.44Lux
and barometric pressure was at 1026.63hPa https://optimistic.etherscan.io/tx/0x65935569343ad27e1086ffad7700a7f6139f200751ba0422dad1b7f5d0d2eb93
1670599038, gm, I just arrived at the studio https://optimistic.etherscan.io/tx/0x41bbd924a68894b047d983275f86add47a5e0dd3ce4ecafe6793bb220ddaca9d#eventlog !_ [...] the indoor temperature was 19.22°C
the humidity levels were at 17.8%
the light sensor measured 1090.52Lux
and barometric pressure was at 1031.9hPa https://optimistic.etherscan.io/tx/0x070add53fafe32020c2876a14d746fd6faa8794b2a27aae30be4464aaeb363cb
1670612041, I just left the studio https://optimistic.etherscan.io/tx/0x24f2d8c306522a59e7ef42fd7eb7f29db9b85264d91ca2cf2a5ab722b1c4bd04#eventlog !_ [...] the indoor temperature was 19.21°C
the humidity levels were at 19.65%
the light sensor measured 889.18Lux
and barometric pressure was at 1030.99hPa https://optimistic.etherscan.io/tx/0x6e28ee980efbd96a25c0751cd6fe0ab74b8692c4baf6756f48f50d88105dfc0e
1670786549, I run a bash scrip that acknowledges my presence and fetches current weather data. web3.py brings this information on Optimism. I just arrived at the studio https://optimistic.etherscan.io/tx/0x4682a950d07fa16c051d74678abf16482b2ab0dd8fb7965a8c39d91f58a16562#eventlog !_ [...] the indoor temperature was 17.65°C
the humidity levels were at 13.12%
the light sensor measured 419.45Lux
and barometric pressure was at 1023.26hPa https://optimistic.etherscan.io/tx/0x10164d0f3545fd74bcb5eb5c7ecaa0c54b72b06ddeefb8bea6b6477da9a22dc0
1670789288, Do you practice the daily ritual of logging off? I just left the studio https://optimistic.etherscan.io/tx/0xfb851ceb28deff8fc06b6fcc4e94511bf4bdd63e900ea970078cdd1f33f3e773#eventlog !_ [...] the indoor temperature was 17.92°C
the humidity levels were at 14.13%
the light sensor measured 135.07Lux
and barometric pressure was at 1023.02hPa https://optimistic.etherscan.io/tx/0xa98c66352b499249eba0ecf266a6217f5b175c020039344c5e00e701a2abece4
1670883968, I just arrived at the studio https://optimistic.etherscan.io/tx/0x50effe0bf1e45550dda1c7d2250ffd2059682cec6086f0c313b27b538e05ae32#eventlog !_ [...] the indoor temperature was 19.1°C
the humidity levels were at 12.08%
the light sensor measured 87.75Lux
and barometric pressure was at 1026.38hPa https://optimistic.etherscan.io/tx/0xe0e817b8b68524343df601f9975ac905fa46405cfb3cc2fea76d23666d2bbb5e
1670888267, Departing transaction.  I just left the studio https://optimistic.etherscan.io/tx/0xf382d14d6bbf3fa667321b778cf9e8e2f762d535a16480dc09903a2a772b076c#eventlog !_ [...] the indoor temperature was 18.67°C
the humidity levels were at 13.68%
the light sensor measured 84.32Lux
and barometric pressure was at 1026.59hPa https://optimistic.etherscan.io/tx/0xe6990ec4c415bd5530c8429e0b9f4c732814380370977fc49bcb0fc30aa2446c
1670960390, Keeping a record of my presence. I just arrived at the studio https://optimistic.etherscan.io/tx/0x5a9b736dd5c318352cb1b65b40e6ac7a6916c9bdeb79b32194a632f27fc2892b#eventlog !_ [...] the indoor temperature was 14.15°C
the humidity levels were at 15.34%
the light sensor measured 1369.54Lux
and barometric pressure was at 1021.07hPa https://optimistic.etherscan.io/tx/0x6b98cc5d9bb5118e9fa91c6fa43055178deff3147641ba837521d28156736bac
1670972717, Our virtual office's chatbot went sentient today. We have now tamed the machine. I just left the studio https://optimistic.etherscan.io/tx/0x7477586780cfde27df311c23ec687631612ecae81f17e52440fe2b434958c44e#eventlog !_ [...] the indoor temperature was 16.54°C
the humidity levels were at 16.0%
the light sensor measured 84.32Lux
and barometric pressure was at 1020.24hPa https://optimistic.etherscan.io/tx/0x0e775769adf835400da25a98e947370fbe2960eee250ab0fe5f6b975abd0967f
1671040399, On the importance of adequate interfaces for artistic rituals, I just arrived at the studio https://optimistic.etherscan.io/tx/0x0bbe022660de63e3659856573dc710997bfeeb1e992c9c4fb41fa5f0f045bc29#eventlog !_ [...] the indoor temperature was 17.25°C
the humidity levels were at 14.13%
the light sensor measured 1017.63Lux
and barometric pressure was at 1022.89hPa https://optimistic.etherscan.io/tx/0x1ef2bb5c26eb05d505db2b3a0cca4a4c5859b58d2c87c8491dc40c63d07b089e
1671059364, Another day, another departure.
 I just left the studio https://optimistic.etherscan.io/tx/0x9e26675630e85f7cfafb8de319b66771f0a0fbcb87060e77ae5d273adfc1bed0#eventlog !_ [...] the indoor temperature was 17.6°C
the humidity levels were at 16.26%
the light sensor measured 1.16Lux
and barometric pressure was at 1024.73hPa https://optimistic.etherscan.io/tx/0xf212654ec9804bbbc3f402f136018444b5002a80922c6c98e2a0550fcb4a25ae
1671119343, Transactionally, I just arrived at the studio https://optimistic.etherscan.io/tx/0x96fafe8911f66db187d88ff5530d16b828c7a9509b3de189deb2aa7d603906a3#eventlog !_ [...] the indoor temperature was 17.38°C
the humidity levels were at 18.32%
the light sensor measured 1096.43Lux
and barometric pressure was at 1024.92hPa https://optimistic.etherscan.io/tx/0xee9774026d40130bffaa4aa3f2ccef9cff93323aebe4484ccf7166cada3ce54e
1671129824, Performative presence gets reinforced by a state of absence. I just left the studio https://optimistic.etherscan.io/tx/0xe84fc159032bcb6100d4d6274d7bccb10d9bbb5b39c4158e5436262ecc5e21b5#eventlog !_ [...] the indoor temperature was 20.55°C
the humidity levels were at 18.93%
the light sensor measured 1131.74Lux
and barometric pressure was at 1022.73hPa https://optimistic.etherscan.io/tx/0xf2c06b2461ee6b1d7282f50d17c0a29f94d2ebb28e134ec7a01a7720f9b09426
1671488049, On-chain presence, I just arrived at the studio https://optimistic.etherscan.io/tx/0x6303b64700fda66f3c12c7326fdee8ae5ee00777534f66fc045f9f74ee89c49b#eventlog !_ [...] the indoor temperature was 18.17°C
the humidity levels were at 20.66%
the light sensor measured 2.33Lux
and barometric pressure was at 1021.12hPa https://optimistic.etherscan.io/tx/0x7ed0cb12c52aab979d1510543ada645bacac8362a98756b52675540599c9f88a
1671488463, Proof of presence, I just left the studio https://optimistic.etherscan.io/tx/0x2f216e377345851edebda7c11c39d12de5892ed1e707cecfc70d5aebcf9eb600#eventlog !_ [...] the indoor temperature was 17.99°C
the humidity levels were at 20.71%
the light sensor measured 83.77Lux
and barometric pressure was at 1021.16hPa https://optimistic.etherscan.io/tx/0x47deaf0106387c5a2957ecf2ac400329e210365af9c500c334212600c5712866
1671559490, As part of this on-going smart contract-based performance, I am letting you know that I just arrived at the studio https://optimistic.etherscan.io/tx/0xe11a8c90982b56e6720a99a1b08e209e5d9ab83630463dc10ce4833047d44c18#eventlog !_ [...] the indoor temperature was 18.08°C
the humidity levels were at 19.53%
the light sensor measured 1478.22Lux
and barometric pressure was at 1028.78hPa https://optimistic.etherscan.io/tx/0x7d6a0c59c292ccfbcf17e7bb634fe5e39e4acc53ca943c6db1aa0508f0225c00
1671579808, Logging off. I just left the studio https://optimistic.etherscan.io/tx/0x9a3236ef71f28a74f12120e0184021b3e2f60aa64ccfb6e10b2f1a41e6c9b156#eventlog !_ [...] the indoor temperature was 18.26°C
the humidity levels were at 20.17%
the light sensor measured 25.48Lux
and barometric pressure was at 1029.96hPa https://optimistic.etherscan.io/tx/0xc587b7a98a3c162999b0ed568535396bfc7805cac8128cb69ee54fc10d57cf10
1671835423, Good evening, I just arrived at the studio https://optimistic.etherscan.io/tx/0x4d49497aec2d79610418dca9dd2929bb2c424fe88a371aa8ee034c911c5e49ba#eventlog !_ [...] the indoor temperature was 17.01°C
the humidity levels were at 20.84%
the light sensor measured 72.13Lux
and barometric pressure was at 976.61hPa https://optimistic.etherscan.io/tx/0x780d2f4481073d14fd0ccb3ad302cc97fa5794a83fe199d30cf1ad72e47e7a44
1671838417, Happy holidays, I just left the studio https://optimistic.etherscan.io/tx/0x29bcbf5b0bb31281b83b57a4a8ce44b7b38f013ae8ff4baec4a8a795ed1e5fb3#eventlog !_ [...] the indoor temperature was 17.17°C
the humidity levels were at 20.72%
the light sensor measured 83.22Lux
and barometric pressure was at 975.83hPa https://optimistic.etherscan.io/tx/0x5e15a61aee2956ec8f7fca95feb4441015e7eeba1508adbea9987931c39abac9
1672600505, Happy New Year! I just arrived at the studio https://optimistic.etherscan.io/tx/0x75a80144875e50a16cafb4fa1e4df87926227c764ff07b1ee8a3a4bfa009b6ba#eventlog !_ [...] the indoor temperature was 19.62°C
the humidity levels were at 22.92%
the light sensor measured 356.37Lux
and barometric pressure was at 1009.79hPa https://optimistic.etherscan.io/tx/0xb15490cbc63938b129f38093278b01c127d3adbc3e69530bb46fab912edd32c8
1672607112, It is 2023. I just left the studio https://optimistic.etherscan.io/tx/0x287caa23b587a01ce21e764fe6563cf0a6682e744d739607f08d0ef7b6df20d8#eventlog !_ [...] the indoor temperature was 19.84°C
the humidity levels were at 23.57%
the light sensor measured 105.15Lux
and barometric pressure was at 1011.3hPa https://optimistic.etherscan.io/tx/0x63f5e77f67a134f04dc8996a54269cbd30ffdeb806fb76a72324b7fa24482743
1672690212, It's a new year and I'm still using a smart contract to log my presence onchain. I just arrived at the studio https://optimistic.etherscan.io/tx/0x5d55dd9926b360d8c83b5182f873d0a429ff8cbe64d0ec86b9b8d42f4a8724e6#eventlog !_ [...] the indoor temperature was 20.85°C
the humidity levels were at 22.86%
the light sensor measured 216.51Lux
and barometric pressure was at 1016.54hPa https://optimistic.etherscan.io/tx/0x2d9677fc412bc319f5f68da732e9b100ae336ae0b1e703704f1ae06afab59466
1672695078, The performance continues. I just left the studio https://optimistic.etherscan.io/tx/0x6b80a0774e5a73fcf9b595f6137c14290226976e4d8e3210e5c9b79008149454#eventlog !_ [...] the indoor temperature was 21.57°C
the humidity levels were at 22.3%
the light sensor measured 83.43Lux
and barometric pressure was at 1017.26hPa https://optimistic.etherscan.io/tx/0xaf4b3da08edf72a93aa6d4b192298cd01d6952900cae54d61d4cab70d65030dd
1672935291, On-going on-chain presence-based performance art: I just arrived at the studio https://optimistic.etherscan.io/tx/0x88edde102a8d7c786a5e8f4617e61c5d97dfb2b411227823de59f79142349a18#eventlog !_ [...] the indoor temperature was 19.9°C
the humidity levels were at 18.73%
the light sensor measured 813.74Lux
and barometric pressure was at 1014.12hPa https://optimistic.etherscan.io/tx/0x76a7a8e47706cb6fed7e31f5033ab10655687c7eb05ff5353746ef891f01aa68
1672964269, Proof of absence, I just left the studio https://optimistic.etherscan.io/tx/0xf4970d845f77786ef87d692164a713fe22d4b89bbd3de5329ccbbff27de455b4#eventlog !_ [...] the indoor temperature was 21.42°C
the humidity levels were at 18.13%
the light sensor measured 86.1Lux
and barometric pressure was at 1016.1hPa https://optimistic.etherscan.io/tx/0x23e3c8cfcd0b0031777cd06e814e0d143026dc55bb94a9157c621c2c89a861e9
1673215239, The sun set 30 minutes ago. I just arrived at the studio https://optimistic.etherscan.io/tx/0xb40925c85a83466b984ab22779ec5cd86e0144d981bfa0808cb028ce642d6742#eventlog !_ [...] the indoor temperature was 17.29°C
the humidity levels were at 16.42%
the light sensor measured 2.32Lux
and barometric pressure was at 1020.38hPa https://optimistic.etherscan.io/tx/0x01ee8a3ed8be561e99d7e0b196911e9d063a027ea47041f3138362a633a4f84f
1673221937, This tweet was sent from the terminal. I just left the studio https://optimistic.etherscan.io/tx/0x412504a4092d2af81b2cc262c4450b5c28114fe085028267b9db34a3df6f9aa0#eventlog !_ [...] the indoor temperature was 17.34°C
the humidity levels were at 16.97%
the light sensor measured 2.33Lux
and barometric pressure was at 1019.36hPa https://optimistic.etherscan.io/tx/0xd9ff9c73b228bc71eeb2dfe84e24dab0e4a9e45e6285c30cbf07fdae748141d3
1673298982, Performance art on the blockchain. I just arrived at the studio https://optimistic.etherscan.io/tx/0x065497183d9ef8edb6d3b44b02e54a0072bc36d20ccb251834c28821e0f6dfbe#eventlog !_ [...] the indoor temperature was 17.1°C
the humidity levels were at 17.69%
the light sensor measured 97.62Lux
and barometric pressure was at 1008.5hPa https://optimistic.etherscan.io/tx/0xf41ec3534910b757df837e0d889c972f2bd1ef786269107217afd7f8d854aef0
1673309950, Proof of presence by statement of absence. I just left the studio https://optimistic.etherscan.io/tx/0x098f6f156f732c68bb25d32716f0b59dca4be3022b03d3a12785e1575af0989c#eventlog !_ [...] the indoor temperature was 17.88°C
the humidity levels were at 17.75%
the light sensor measured 85.21Lux
and barometric pressure was at 1007.91hPa https://optimistic.etherscan.io/tx/0xc3bd998ac08a184c36c1149520229572a88d9a1fe26e5febf0bad66f615873c3
1673465900, Transactional aesthetics, I just arrived at the studio https://optimistic.etherscan.io/tx/0x7dc6eb9899f006009482bfd9104a5f9ccdac7bcfb89bf4ab5ef0e4d7aebef588#eventlog !_ [...] the indoor temperature was 18.13°C
the humidity levels were at 13.41%
the light sensor measured 1381.02Lux
and barometric pressure was at 1024.66hPa https://optimistic.etherscan.io/tx/0x9c8e2f80b397c205575977f314250a56b19fb521262f419b6bda763ee16edd24
1673478563, A smart contract for artistic timekeeping. I just left the studio https://optimistic.etherscan.io/tx/0x7e1dfa8697f199811e1f752d81c724d6c11a2315f306a03678b5434ebc707222#eventlog !_ [...] the indoor temperature was 19.2°C
the humidity levels were at 14.39%
the light sensor measured 60.28Lux
and barometric pressure was at 1025.06hPa https://optimistic.etherscan.io/tx/0x815941d5c3ad5ccb28c3cb7c95e47fe8e6785e7292195c637813143e12c55a0d
1673563577, Log in ritual; I just arrived at the studio https://optimistic.etherscan.io/tx/0x959d17e9f5e2ed34419fda08edd968b92445f49dc8f87b711a19d05538101e4c#eventlog !_ [...] the indoor temperature was 18.02°C
the humidity levels were at 15.77%
the light sensor measured 84.32Lux
and barometric pressure was at 1013.27hPa https://optimistic.etherscan.io/tx/0xde00096ac1843316ca5b1cf30ce40b4400cbc65b4d4082745275bd374edaacd8
1673565457, Short visits to be remembered. I just left the studio https://optimistic.etherscan.io/tx/0x7d0613d1b3c11782b37af809343eaf1fac0be4617d9169fd4c44c6befca8d5ef#eventlog !_ [...] the indoor temperature was 18.54°C
the humidity levels were at 17.25%
the light sensor measured 84.66Lux
and barometric pressure was at 1012.94hPa https://optimistic.etherscan.io/tx/0x191a28a7a4879836fe2c5ab2a63a6265e4a5535e2e1880b5ca3e7e5cba638a9e
1673728937, Building my own blockchain-based calendar, I just arrived at the studio https://optimistic.etherscan.io/tx/0xfe9204f8597427f321245b984c3bfe17a3ca55a7a92c002c084e6498a01d931f#eventlog !_ [...] the indoor temperature was 18.16°C
the humidity levels were at 16.06%
the light sensor measured 207.66Lux
and barometric pressure was at 1018.7hPa https://optimistic.etherscan.io/tx/0x6ec7c7ec88525ff3fc5747001e0b9be24d4daa483b5f480ae9a64ee736fbde79
1673735932, Inscribing my presence. I just left the studio https://optimistic.etherscan.io/tx/0x2e08e4f09cff3d85240ac4cb1a8f9d808280902b46c2ee323bc93ab2fd7f54ed#eventlog !_ [...] the indoor temperature was 19.52°C
the humidity levels were at 16.61%
the light sensor measured 83.77Lux
and barometric pressure was at 1020.11hPa https://optimistic.etherscan.io/tx/0x89bb2b94aed156fee502137d1c14570f21e104c32cb6f44269c664d0286bd565
1673812270, Here is a link to the transaction that attests that I just arrived at the studio https://optimistic.etherscan.io/tx/0x49a80748813f0581ddfea57b72671abacf20eae95bcf8d07a2ce3d446548572e#eventlog !_ [...] the indoor temperature was 18.92°C
the humidity levels were at 14.47%
the light sensor measured 1707.35Lux
and barometric pressure was at 1026.03hPa https://optimistic.etherscan.io/tx/0xce873e329740edddd8c23b2a459bbdde2845a197129b28e336e0a7ec4e163462
1673819606, Log out ritual; I just left the studio https://optimistic.etherscan.io/tx/0xcc4c6f3bbdfe0877c5eebd6669a606c60830d152149dd411cce0c6092553199a#eventlog !_ [...] the indoor temperature was 19.81°C
the humidity levels were at 15.21%
the light sensor measured 101.95Lux
and barometric pressure was at 1026.0hPa https://optimistic.etherscan.io/tx/0x3a999947f7316c02c98d89dc7f23cf12ec726ee6730900b72f2b79c0ac7142ec
1674082672,  I just arrived at the studio and this transaction is only one chapter in this on-going ritual. https://optimistic.etherscan.io/tx/0xf8d08d1415ae68918385fea109f216bd7ef6f18436f827361209d5ad1367219e#eventlog !_ [...] the indoor temperature was 17.75°C
the humidity levels were at 21.05%
the light sensor measured 26.92Lux
and barometric pressure was at 1010.12hPa https://optimistic.etherscan.io/tx/0x0a3d01efaca05877cf9c4a953a9e64f79d9f8f20b8ee9b46b027561b2856b4bf
1674083513,  I just left the studio. This was a short yet productive visit https://optimistic.etherscan.io/tx/0xf5642d41cc4f7a4da5b7a102d5746b431ad4d74abab4062bd2b09c733b14301d#eventlog !_ [...] the indoor temperature was 18.07°C
the humidity levels were at 20.86%
the light sensor measured 77.67Lux
and barometric pressure was at 1010.5hPa https://optimistic.etherscan.io/tx/0xd44891cdf85d8f3df6aee906e965dd4301f764c1f93f593b548fc4a7a67e9316
1674415020, Here is the blockchain proof that I just arrived at the studio https://optimistic.etherscan.io/tx/0x22f5bf3c7eab94493b6927339c7e66c22f43a4370508fd9c0274c74b4a96ad38#eventlog !_ [...] the indoor temperature was 18.7°C
the humidity levels were at 17.39%
the light sensor measured 295.22Lux
and barometric pressure was at 1015.11hPa https://optimistic.etherscan.io/tx/0x397160390553be1cc605b9b17df93c5e1ff24579d981bb0301bc1f813eb2cb3e
1674422985, A ritual on departure. A performative gesture. On transactional aesthetics and performance art onchain. I just left the studio Traceback (most recent call last):
  File "toggle.py", line 74, in <module>
    globals()[sys.argv[1]]()
  File "toggle.py", line 54, in main
    txn_hash = w3.eth.send_raw_transaction(signed_tx.rawTransaction)
  File "/home/pi/.local/lib/python3.7/site-packages/web3/eth.py", line 831, in send_raw_transaction
    return self._send_raw_transaction(transaction)
  File "/home/pi/.local/lib/python3.7/site-packages/web3/module.py", line 60, in caller
    null_result_formatters)
  File "/home/pi/.local/lib/python3.7/site-packages/web3/manager.py", line 201, in request_blocking
    null_result_formatters)
  File "/home/pi/.local/lib/python3.7/site-packages/web3/manager.py", line 171, in formatted_response
    raise ValueError(response["error"])
ValueError: {'code': -32000, 'message': 'invalid transaction: nonce too low'} !_ 
1674520411, Inscribing my presence on a decentralised clock I just arrived at the studio https://optimistic.etherscan.io/tx/0xed09749d60f757d81af6c73f6e046254d8ef6899636b821a7649967b7ab399e3#eventlog !_ [...] the indoor temperature was 18.14°C
the humidity levels were at 19.02%
the light sensor measured 80.55Lux
and barometric pressure was at 1007.26hPa https://optimistic.etherscan.io/tx/0x13b201e237b1417d902e8aea13e59c2482891e76aa4783d98ce9569979ef4ca6
1674521535, Redefining presence. I just left the studio https://optimistic.etherscan.io/tx/0x21ee68573f9fc9491efb015872b0b5671bb93399a297eaa601b05c57615c9db3#eventlog !_ [...] the indoor temperature was 18.46°C
the humidity levels were at 19.82%
the light sensor measured 64.26Lux
and barometric pressure was at 1007.35hPa https://optimistic.etherscan.io/tx/0x3176ed0f19e40dbf49f2bc2f73e8eab526c2c9cdcd0c8b4b792920ff7ba59315
1674690877, It feels like -16 outside and  I just arrived at the studio https://optimistic.etherscan.io/tx/0x77b3cee04ad0976671a713d174d05a4f4fddedc7f34ea0eaec38ad8db44a87bc#eventlog !_ [...] the indoor temperature was 17.78°C
the humidity levels were at 16.85%
the light sensor measured 9.86Lux
and barometric pressure was at 1015.68hPa https://optimistic.etherscan.io/tx/0x7a6d336c490bbd3041540de797d71744f68dc67aee9f60d3c20f061da77d2bc0
1674694844, Performative Transaction; I just left the studio Traceback (most recent call last):
  File "toggle.py", line 74, in <module>
    globals()[sys.argv[1]]()
  File "toggle.py", line 54, in main
    txn_hash = w3.eth.send_raw_transaction(signed_tx.rawTransaction)
  File "/home/pi/.local/lib/python3.7/site-packages/web3/eth.py", line 831, in send_raw_transaction
    return self._send_raw_transaction(transaction)
  File "/home/pi/.local/lib/python3.7/site-packages/web3/module.py", line 60, in caller
    null_result_formatters)
  File "/home/pi/.local/lib/python3.7/site-packages/web3/manager.py", line 201, in request_blocking
    null_result_formatters)
  File "/home/pi/.local/lib/python3.7/site-packages/web3/manager.py", line 171, in formatted_response
    raise ValueError(response["error"])
ValueError: {'code': -32603, 'message': 'request failed or timed out'} !_ 
1674851753, I just arrived at the studio https://optimistic.etherscan.io/tx/0xde731050ca48ee1fa5861ee57b774c1b0c0ef611c0322f3770bf43fea2ca3b47#eventlog !_ [...] the indoor temperature was 18.89°C
the humidity levels were at 17.86%
the light sensor measured 420.5Lux
and barometric pressure was at 1015.83hPa https://optimistic.etherscan.io/tx/0x4957de680c4e7e5dcbe6f3e276f5ebcaa26bfa9b1a799fc38cece5c83daee6e6
1674865080, Performative transactions. I just left the studio https://optimistic.etherscan.io/tx/0x7ca1d0d770e4726e647cedb2980dcd78db9077b650dbdd6eb39a7dabdfab4a4a#eventlog !_ [...] the indoor temperature was 21.08°C
the humidity levels were at 17.48%
the light sensor measured 81.44Lux
and barometric pressure was at 1015.68hPa https://optimistic.etherscan.io/tx/0x943a504ccd504403cfa0e13f6275ededfa7f9724ca1b747c4e5ae027b63a9a94
1675025041, I just arrived at the studio https://optimistic.etherscan.io/tx/0x9310b478990f790d24282994ad15296c93163d5b754f23a7edceea93795b0b16#eventlog !_ [...] the indoor temperature was 18.93°C
the humidity levels were at 19.27%
the light sensor measured 487.63Lux
and barometric pressure was at 1015.05hPa https://optimistic.etherscan.io/tx/0x16028f663d0692fae730f40f29cb664736e94ac519684479ba965aaa846afdf7
1675034489, Data collected and log updated.  I just left the studio... https://optimistic.etherscan.io/tx/0x9091860d09e20380a42164a2789fe9e33317c4377ee7b7029f4b391e648cd138#eventlog !_ [...] the indoor temperature was 19.4°C
the humidity levels were at 18.21%
the light sensor measured 76.02Lux
and barometric pressure was at 1016.78hPa https://optimistic.etherscan.io/tx/0xe523cc6f4d6a943fd01bebab3e53701b230529af3d5bf1894f26728cda4e38c8
1675197921, Logging IN, fetching environmental conditions. I just arrived at the studio https://optimistic.etherscan.io/tx/0xcd294ced2bc451af812840898a0d71fd8c9551f1459c7499c9b25f28903cfa6c#eventlog !_ [...] the indoor temperature was 20.85°C
the humidity levels were at 15.85%
the light sensor measured 2122.53Lux
and barometric pressure was at 1024.88hPa https://optimistic.etherscan.io/tx/0xbda4e028593c35e16189aa48cc301394ea454e3ca8f92ebe61b025205edb31d5
1675210762, Ongoing onchain durational performance art I just left the studio https://optimistic.etherscan.io/tx/0xb1114a9bc9e635c181500858cac36ee7c9e923b51d95d6f65083ce439bbd7d45#eventlog !_ [...] the indoor temperature was 19.8°C
the humidity levels were at 17.03%
the light sensor measured 53.08Lux
and barometric pressure was at 1024.78hPa https://optimistic.etherscan.io/tx/0x26e7222c32759f8c129a4a7a6e1e44b7b3338ba16b011b0cc5d26eb3f522e19d
1675286129, Felt like -20 degrees this morning... I just arrived at the studio https://optimistic.etherscan.io/tx/0x299e580ef017631d20eeb48e6c0f8fa1bf9a56161fe6d30c17427ab620cd69e9#eventlog !_ [...] the indoor temperature was 19.37°C
the humidity levels were at 16.4%
the light sensor measured 1465.38Lux
and barometric pressure was at 1019.44hPa https://optimistic.etherscan.io/tx/0x2d5072728ab1bd2cf4424720f80e61290ea99560c1888fac08cdd1a100a6e690
1675300571, Automated customization.  I just left the studio https://optimistic.etherscan.io/tx/0x4c78ca36e18a0d5044076e5db6fb8600f47e27fa71af50100b81da6968a560c1#eventlog !_ [...] the indoor temperature was 19.92°C
the humidity levels were at 16.4%
the light sensor measured 45.54Lux
and barometric pressure was at 1019.5hPa https://optimistic.etherscan.io/tx/0xa411d0161f97d34f83c7c476fbe55ce6ce4264555caa10061ac1c0304abf4a73
1675724380,  I just arrived at the studio. I would not be here if it was not for this transaction https://optimistic.etherscan.io/tx/0x9b4088e1b545ea51cff1386c4121404c39977daf42411115107a5fa98c05e7b9#eventlog !_ [...] the indoor temperature was 19.47°C
the humidity levels were at 15.52%
the light sensor measured 2.33Lux
and barometric pressure was at 1025.21hPa https://optimistic.etherscan.io/tx/0x8f44e12aef0f0258ed6d71e5ef95796eaa543f5bdc7b83786ff14048a293d342
1675725202, Finding joy in manifesting the shortest visits. I just left the studio https://optimistic.etherscan.io/tx/0x29e1096fefd7530d78ce7a7a5419082cb4a79c7568f4e6ae7d577208afd7e0fb#eventlog !_ Traceback (most recent call last):
  File "/usr/lib/python3/dist-packages/urllib3/connection.py", line 159, in _new_conn
    (self._dns_host, self.port), self.timeout, **extra_kw)
  File "/usr/lib/python3/dist-packages/urllib3/util/connection.py", line 57, in create_connection
    for res in socket.getaddrinfo(host, port, family, socket.SOCK_STREAM):
  File "/usr/lib/python3.7/socket.py", line 748, in getaddrinfo
    for res in _socket.getaddrinfo(host, port, family, type, proto, flags):
socket.gaierror: [Errno -3] Temporary failure in name resolution

During handling of the above exception, another exception occurred:

Traceback (most recent call last):
  File "/usr/lib/python3/dist-packages/urllib3/connectionpool.py", line 600, in urlopen
    chunked=chunked)
  File "/usr/lib/python3/dist-packages/urllib3/connectionpool.py", line 343, in _make_request
    self._validate_conn(conn)
  File "/usr/lib/python3/dist-packages/urllib3/connectionpool.py", line 841, in _validate_conn
    conn.connect()
  File "/usr/lib/python3/dist-packages/urllib3/connection.py", line 301, in connect
    conn = self._new_conn()
  File "/usr/lib/python3/dist-packages/urllib3/connection.py", line 168, in _new_conn
    self, "Failed to establish a new connection: %s" % e)
urllib3.exceptions.NewConnectionError: <urllib3.connection.VerifiedHTTPSConnection object at 0xb4f46c70>: Failed to establish a new connection: [Errno -3] Temporary failure in name resolution

During handling of the above exception, another exception occurred:

Traceback (most recent call last):
  File "/home/pi/.local/lib/python3.7/site-packages/requests/adapters.py", line 499, in send
    timeout=timeout,
  File "/usr/lib/python3/dist-packages/urllib3/connectionpool.py", line 638, in urlopen
    _stacktrace=sys.exc_info()[2])
  File "/usr/lib/python3/dist-packages/urllib3/util/retry.py", line 398, in increment
    raise MaxRetryError(_pool, url, error or ResponseError(cause))
urllib3.exceptions.MaxRetryError: HTTPSConnectionPool(host='optimism-mainnet.infura.io', port=443): Max retries exceeded with url: /v3/9715c9bf2b9c47109c84cabf0fbcaae5 (Caused by NewConnectionError('<urllib3.connection.VerifiedHTTPSConnection object at 0xb4f46c70>: Failed to establish a new connection: [Errno -3] Temporary failure in name resolution'))

During handling of the above exception, another exception occurred:

Traceback (most recent call last):
  File "update.py", line 38, in <module>
    gas_estimate = contract.functions.updateData(int(sTemp), int(sHumi), int(sLux), int(sPress)).estimate_gas() * 20
  File "/home/pi/.local/lib/python3.7/site-packages/web3/contract.py", line 1061, in estimate_gas
    **self.kwargs
  File "/home/pi/.local/lib/python3.7/site-packages/web3/contract.py", line 1644, in estimate_gas_for_function
    return web3.eth.estimate_gas(estimate_transaction, block_identifier)
  File "/home/pi/.local/lib/python3.7/site-packages/web3/eth.py", line 868, in estimate_gas
    return self._estimate_gas(transaction, block_identifier)
  File "/home/pi/.local/lib/python3.7/site-packages/web3/module.py", line 60, in caller
    null_result_formatters)
  File "/home/pi/.local/lib/python3.7/site-packages/web3/manager.py", line 197, in request_blocking
    response = self._make_request(method, params)
  File "/home/pi/.local/lib/python3.7/site-packages/web3/manager.py", line 150, in _make_request
    return request_func(method, params)
  File "/home/pi/.local/lib/python3.7/site-packages/web3/middleware/signing.py", line 149, in middleware
    return make_request(method, params)
  File "/home/pi/.local/lib/python3.7/site-packages/web3/middleware/formatting.py", line 94, in middleware
    response = make_request(method, params)
  File "/home/pi/.local/lib/python3.7/site-packages/web3/middleware/gas_price_strategy.py", line 90, in middleware
    return make_request(method, params)
  File "/home/pi/.local/lib/python3.7/site-packages/web3/middleware/formatting.py", line 94, in middleware
    response = make_request(method, params)
  File "/home/pi/.local/lib/python3.7/site-packages/web3/middleware/attrdict.py", line 33, in middleware
    response = make_request(method, params)
  File "/home/pi/.local/lib/python3.7/site-packages/web3/middleware/formatting.py", line 94, in middleware
    response = make_request(method, params)
  File "/home/pi/.local/lib/python3.7/site-packages/web3/middleware/formatting.py", line 87, in middleware
    web3_formatters_builder(w3, method),
  File "/home/pi/.local/lib/python3.7/site-packages/web3/middleware/validation.py", line 140, in build_method_validators
    w3_chain_id = w3.eth.chain_id
  File "/home/pi/.local/lib/python3.7/site-packages/web3/eth.py", line 632, in chain_id
    return self._chain_id()
  File "/home/pi/.local/lib/python3.7/site-packages/web3/module.py", line 60, in caller
    null_result_formatters)
  File "/home/pi/.local/lib/python3.7/site-packages/web3/manager.py", line 197, in request_blocking
    response = self._make_request(method, params)
  File "/home/pi/.local/lib/python3.7/site-packages/web3/manager.py", line 150, in _make_request
    return request_func(method, params)
  File "/home/pi/.local/lib/python3.7/site-packages/web3/middleware/signing.py", line 149, in middleware
    return make_request(method, params)
  File "/home/pi/.local/lib/python3.7/site-packages/web3/middleware/formatting.py", line 94, in middleware
    response = make_request(method, params)
  File "/home/pi/.local/lib/python3.7/site-packages/web3/middleware/gas_price_strategy.py", line 90, in middleware
    return make_request(method, params)
  File "/home/pi/.local/lib/python3.7/site-packages/web3/middleware/formatting.py", line 94, in middleware
    response = make_request(method, params)
  File "/home/pi/.local/lib/python3.7/site-packages/web3/middleware/attrdict.py", line 33, in middleware
    response = make_request(method, params)
  File "/home/pi/.local/lib/python3.7/site-packages/web3/middleware/formatting.py", line 94, in middleware
    response = make_request(method, params)
  File "/home/pi/.local/lib/python3.7/site-packages/web3/middleware/formatting.py", line 94, in middleware
    response = make_request(method, params)
  File "/home/pi/.local/lib/python3.7/site-packages/web3/middleware/formatting.py", line 94, in middleware
    response = make_request(method, params)
  File "/home/pi/.local/lib/python3.7/site-packages/web3/middleware/buffered_gas_estimate.py", line 40, in middleware
    return make_request(method, params)
  File "/home/pi/.local/lib/python3.7/site-packages/web3/middleware/formatting.py", line 94, in middleware
    response = make_request(method, params)
  File "/home/pi/.local/lib/python3.7/site-packages/web3/middleware/exception_retry_request.py", line 114, in middleware
    return make_request(method, params)
  File "/home/pi/.local/lib/python3.7/site-packages/web3/providers/rpc.py", line 91, in make_request
    **self.get_request_kwargs()
  File "/home/pi/.local/lib/python3.7/site-packages/web3/_utils/request.py", line 102, in make_post_request
    response = session.post(endpoint_uri, data=data, *args, **kwargs)  # type: ignore
  File "/home/pi/.local/lib/python3.7/site-packages/requests/sessions.py", line 635, in post
    return self.request("POST", url, data=data, json=json, **kwargs)
  File "/home/pi/.local/lib/python3.7/site-packages/requests/sessions.py", line 587, in request
    resp = self.send(prep, **send_kwargs)
  File "/home/pi/.local/lib/python3.7/site-packages/requests/sessions.py", line 701, in send
    r = adapter.send(request, **kwargs)
  File "/home/pi/.local/lib/python3.7/site-packages/requests/adapters.py", line 565, in send
    raise ConnectionError(e, request=request)
requests.exceptions.ConnectionError: HTTPSConnectionPool(host='optimism-mainnet.infura.io', port=443): Max retries exceeded with url: /v3/9715c9bf2b9c47109c84cabf0fbcaae5 (Caused by NewConnectionError('<urllib3.connection.VerifiedHTTPSConnection object at 0xb4f46c70>: Failed to establish a new connection: [Errno -3] Temporary failure in name resolution'))
1675817034, It seems like I just left the studio.
1675904173, A smart contract that let's you know that  I just arrived at the studio https://optimistic.etherscan.io/tx/0xdfe357eb7251a5f0e55b589bc68d0240ad0bcec880ee44d151b865cefc40f2c6#eventlog !_ [...] the indoor temperature was 19.02°C
the humidity levels were at 18.63%
the light sensor measured 2.33Lux
and barometric pressure was at 1020.78hPa https://optimistic.etherscan.io/tx/0xd4bc7a21c7b32d6722c646f66c0f6b38ae07084e2909c5020ff3926fd432b0d5
1675906925, A performative transaction to let you know that  I just left the studio https://optimistic.etherscan.io/tx/0x07d63e6ef79215c08f595d3cdcb04120ef3f4150354b89ba538eb7b322cbda7a#eventlog !_ [...] the indoor temperature was 19.9°C
the humidity levels were at 19.09%
the light sensor measured 1.16Lux
and barometric pressure was at 1021.46hPa https://optimistic.etherscan.io/tx/0xda599262f63b551680e4cf634e6630ccfdb1150a46ea159118c4b3d1f8eb83f6
1675907111, I wrote this smart contract to let you know that  I just left the studio https://optimistic.etherscan.io/tx/0xe218a3fe4e9f8ffe54f60c60ede8082144fb07aca9f99a38cba7b136baf67abc#eventlog !_ Traceback (most recent call last):
  File "update.py", line 13, in <module>
    sTemp = round(float(weatherData[0]) * 100, 0)
ValueError: could not convert string to float: '░░░░░░░░░░░░░░░░░░░░░░░░░░░░░░░░░░░░░░░░░░░░░'
1675907372, I wrote this smart contract to let you know that  I just left the studio https://optimistic.etherscan.io/tx/0xa340d184d66a8b926070e2e2fb4a554f72235789c23c7939f13f18ea5fdad4a9#eventlog !_ Traceback (most recent call last):
  File "update.py", line 13, in <module>
    sTemp = round(float(weatherData[0]) * 100, 0)
ValueError: could not convert string to float: '░░░░░░░░░░░░░░░░░░░░░░░░░░░░░░░░░░░░░░░░░░░░░'
1675988950, I just arrived at the studio https://optimistic.etherscan.io/tx/0x90c82f272d92ef8131766b216ad0978486b34da53948870b6f022be6cdf2a4d0#eventlog !_ [...] the indoor temperature was 18.45°C
the humidity levels were at 21.15%
the light sensor measured 46.98Lux
and barometric pressure was at 1008.35hPa https://optimistic.etherscan.io/tx/0x0fb7d61fe643f5524571d56fe59bad88efcd5bc7a90699d208e260950bb0476b
1675992940, I just left the studio https://optimistic.etherscan.io/tx/0xebfaa39bd8a1a024c292b800be08f9788ab1cc48ef59b44c697823703669b9d3#eventlog !_ [...] the indoor temperature was 20.1°C
the humidity levels were at 20.17%
the light sensor measured 46.1Lux
and barometric pressure was at 1006.27hPa https://optimistic.etherscan.io/tx/0x53de25b131d93bef71702677896b57e08b1af9404a268877f67d301e763ab090
1676063054, Relaying transactions to let you know that I just arrived at the studio https://optimistic.etherscan.io/tx/0x7e926a92eaa8e5ceed605ead2793764a2fec35870122661d469f6067e0526fb1#eventlog !_ [...] the indoor temperature was 18.73°C
the humidity levels were at 21.29%
the light sensor measured 202.94Lux
and barometric pressure was at 1006.71hPa https://optimistic.etherscan.io/tx/0xd2ae60972b74627e96d06ad4239548b11f15a0273dea628216e268baa67e7363
1676071424, It was a pleasure to let you know that I just left the studio https://optimistic.etherscan.io/tx/0x5b6d79604c28dae9416232027c28b9a7b18c3cb8b52c4597710802df8972f053#eventlog !_ [...] the indoor temperature was 19.12°C
the humidity levels were at 21.44%
the light sensor measured 2.33Lux
and barometric pressure was at 1009.42hPa https://optimistic.etherscan.io/tx/0x325d09688e87d4d798bd834274261eec4dce92e87102f4bf6aa1891b5c735ec1
1676147307, It's a beautiful day in Montreal and I just arrived at the studio https://optimistic.etherscan.io/tx/0x0e45843ce408ec5b394cf5c277dae0185a7100026200992cd2d8726459a24ea4#eventlog !_ [...] the indoor temperature was 18.87°C
the humidity levels were at 17.86%
the light sensor measured 1634.41Lux
and barometric pressure was at 1021.2hPa https://optimistic.etherscan.io/tx/0x568fd29dbaae45a21a178e68ca08d380d9e0be8b0c40cf0749a5e95089241db9
1676152798, A blockchain mediated performance about presence that keeps telling you that I just left the studio https://optimistic.etherscan.io/tx/0x5e829ce9b6eb7e103354b5cbd4bfcd91b59b2d83b497009aa6057ab72be98fe2#eventlog !_ [...] the indoor temperature was 18.94°C
the humidity levels were at 18.24%
the light sensor measured 291.31Lux
and barometric pressure was at 1019.74hPa https://optimistic.etherscan.io/tx/0x50cee9549856ed442dd9b9fc041e3fa79849921214749c0858b50dc5774ae970
1676420592, timekeeping on my raspberry pi's command line interface to let you know that I just arrived at the studio https://optimistic.etherscan.io/tx/0x768529923119ab327813b06633b94d9018aae5e577163327404a44ed0b301e6b#eventlog !_ [...] the indoor temperature was 20.49°C
the humidity levels were at 19.25%
the light sensor measured 0.89Lux
and barometric pressure was at 1017.46hPa https://optimistic.etherscan.io/tx/0x5e30cef85579358c5ea9d0d9f4e49ca34bd71d42dc3714accff42674bee4ec2e
1676422927, Mediated absence; I just left the studio https://optimistic.etherscan.io/tx/0xdca56db209cb0518f2e090d6a1a397389d72c30f701b7e7efbf300c35e7b2e20#eventlog !_ [...] the indoor temperature was 20.57°C
the humidity levels were at 20.34%
the light sensor measured 1.16Lux
and barometric pressure was at 1017.85hPa https://optimistic.etherscan.io/tx/0xab0ce890a6a8e1dee8e2c93c3e7d1df7687c30a55cf903164e3e9ed246737143
1676484273, The artist is present. I just arrived at the studio https://optimistic.etherscan.io/tx/0x0387b3259e5379944e467b66ac5b3f1f88406dc41b8cd97dfb7954dac7c038d7#eventlog !_ [...] the indoor temperature was 21.7°C
the humidity levels were at 20.88%
the light sensor measured 367.77Lux
and barometric pressure was at 1002.47hPa https://optimistic.etherscan.io/tx/0x2a8938133f7a9e9110fd90260a5cb200261e42c7580a13b97821d71c82419f4d
1676503052, A smart contract-based performance in the context of a 1 year rental agreement. Contract recursion; I just left the studio https://optimistic.etherscan.io/tx/0x9e718a2bfd2c4d6d4eec5f8f3ce131690bb61bd7db4c87925363f4180cb12730#eventlog !_ [...] the indoor temperature was 22.54°C
the humidity levels were at 20.37%
the light sensor measured 45.54Lux
and barometric pressure was at 1001.24hPa https://optimistic.etherscan.io/tx/0xca8b1b8ce6263ab124a1740758f1970880bc8323051c8d5997277eda4401af74
1676910709, Inserting my physical presence onchain. I just arrived at the studio https://optimistic.etherscan.io/tx/0x47b7cf896b63e68e9fe046d6c36d4e368ae50b8ef2110bb6bf54913c15fdbf6f#eventlog !_ [...] the indoor temperature was 19.92°C
the humidity levels were at 18.87%
the light sensor measured 1198.36Lux
and barometric pressure was at 1000.13hPa https://optimistic.etherscan.io/tx/0x76603e90644de293b95da735e53a015b0d8151786921f7c1ee473c04384114e3
1676924975, Performance art;
 I just left the studio https://optimistic.etherscan.io/tx/0xd5b96fb8c93456f908209ef01dd1cffbab46a1e9ed0667099e1eee0a2480da40#eventlog !_ [...] the indoor temperature was 21.16°C
the humidity levels were at 19.92%
the light sensor measured 1720.52Lux
and barometric pressure was at 1001.4hPa https://optimistic.etherscan.io/tx/0x5f5b9382282a1d7a56ec1122854ff13114878cdb8af3f651da59cbd183869a79
1677199432, I just arrived at the studio https://optimistic.etherscan.io/tx/0xee1db1b4d73119fb30c81a8ac9ea76ae6be10607124fcd18d11c97a8932f1925#eventlog !_ [...] the indoor temperature was 18.27°C
the humidity levels were at 14.09%
the light sensor measured 56.51Lux
and barometric pressure was at 1012.08hPa https://optimistic.etherscan.io/tx/0x9b994cdf758c741a8748067af88f2569940b65d3dc3203a83483eb7d58cab6e1
1677199668, I just left the studio https://optimistic.etherscan.io/tx/0x8bca6f2cdd22f0be2186825fff7cc4291c9ccc2b119ecde7668c0f20948535a9#eventlog !_ [...] the indoor temperature was 18.96°C
the humidity levels were at 14.25%
the light sensor measured 78.9Lux
and barometric pressure was at 1012.12hPa https://optimistic.etherscan.io/tx/0x9e006bd04685a9f90814bdb92f3ee999c88ab143e7ed20216727dd5162322fce
1677257807, Counting the days until the end of this contractual performance. I just arrived at the studio https://optimistic.etherscan.io/tx/0x58ccd151038636e20884727e39da4d0603b9386fb4680d33951a5378633d9a13#eventlog !_ [...] the indoor temperature was 20.2°C
the humidity levels were at 13.3%
the light sensor measured 2081.68Lux
and barometric pressure was at 1026.15hPa https://optimistic.etherscan.io/tx/0xb6013a93c2ef845ff1496293078314f0bc5db15dbfe2cb15bbcc48392a07b651
1677261642, brb.  I just left the studio https://optimistic.etherscan.io/tx/0x5fd74e20c3ff2fcde56eb76a257685d22316421891b9b36151880c776db2f1bf#eventlog !_ [...] the indoor temperature was 21.57°C
the humidity levels were at 13.81%
the light sensor measured 2600.73Lux
and barometric pressure was at 1026.65hPa https://optimistic.etherscan.io/tx/0xbb58782a6fa57723d524916cbd4891ee226a95be6f18a62ef0ce0da65ca8c929
1677264550, I'm back. I just arrived at the studio https://optimistic.etherscan.io/tx/0xc3e47531cf651f8f49e942085283dcfcbd43371a01c640ef8349c424a5fa2134#eventlog !_ [...] the indoor temperature was 21.21°C
the humidity levels were at 14.54%
the light sensor measured 875.85Lux
and barometric pressure was at 1027.09hPa https://optimistic.etherscan.io/tx/0x7fad37645a184f60fd3579566decdf07fde9ee76eb6149a41f998fc93eca6413
1677266462, Imminent end of contract. I just left the studio https://optimistic.etherscan.io/tx/0x9be0d40de63de40431b9ca763c15b7cc411e0ab94c5ac57f383c8101da178aa9#eventlog !_ [...] the indoor temperature was 22.92°C
the humidity levels were at 11.75%
the light sensor measured 468.98Lux
and barometric pressure was at 1027.43hPa https://optimistic.etherscan.io/tx/0x8d9771c718104d11126bb5fc5ba0ed9557d2f14b2e9de2002fba35c7f6d8f045
1677459552,  I just arrived at the studio; a micro-performance. https://optimistic.etherscan.io/tx/0xc6305f700b98153b2816729b0f7c72e4d31e1431930ad1b7d4fea0f9182777d5#eventlog !_ [...] the indoor temperature was 21.12°C
the humidity levels were at 11.89%
the light sensor measured 90.31Lux
and barometric pressure was at 1007.19hPa https://optimistic.etherscan.io/tx/0x06e0901d445f7ddc8d2a9379708d76e91948c8a2917f1b752e9c16e889705a93
1677459694, A transaction to let you know that I just left the studio https://optimistic.etherscan.io/tx/0x9d58e26f89b404f477a0cd4252fb5984fbcd4aefe735c912b8718c9a7565412b#eventlog !_ [...] the indoor temperature was 21.38°C
the humidity levels were at 11.47%
the light sensor measured 89.43Lux
and barometric pressure was at 1007.16hPa https://optimistic.etherscan.io/tx/0x4de616e25de4bd8aaaedcd5518c87876c423ebb7aee5fbf19907978cd3fbddc9
1677624409, This is the last time that I will let you know that I just arrived at the studio https://optimistic.etherscan.io/tx/0x5bdd3b986c5c167babaee6ebe3a34e497c42556d10a2890e0785d067619df28c#eventlog !_ Traceback (most recent call last):
  File "/usr/lib/python3/dist-packages/urllib3/connection.py", line 159, in _new_conn
    (self._dns_host, self.port), self.timeout, **extra_kw)
  File "/usr/lib/python3/dist-packages/urllib3/util/connection.py", line 57, in create_connection
    for res in socket.getaddrinfo(host, port, family, socket.SOCK_STREAM):
  File "/usr/lib/python3.7/socket.py", line 748, in getaddrinfo
    for res in _socket.getaddrinfo(host, port, family, type, proto, flags):
socket.gaierror: [Errno -3] Temporary failure in name resolution

During handling of the above exception, another exception occurred:

Traceback (most recent call last):
  File "/usr/lib/python3/dist-packages/urllib3/connectionpool.py", line 600, in urlopen
    chunked=chunked)
  File "/usr/lib/python3/dist-packages/urllib3/connectionpool.py", line 343, in _make_request
    self._validate_conn(conn)
  File "/usr/lib/python3/dist-packages/urllib3/connectionpool.py", line 841, in _validate_conn
    conn.connect()
  File "/usr/lib/python3/dist-packages/urllib3/connection.py", line 301, in connect
    conn = self._new_conn()
  File "/usr/lib/python3/dist-packages/urllib3/connection.py", line 168, in _new_conn
    self, "Failed to establish a new connection: %s" % e)
urllib3.exceptions.NewConnectionError: <urllib3.connection.VerifiedHTTPSConnection object at 0xb4f34c30>: Failed to establish a new connection: [Errno -3] Temporary failure in name resolution

During handling of the above exception, another exception occurred:

Traceback (most recent call last):
  File "/home/pi/.local/lib/python3.7/site-packages/requests/adapters.py", line 499, in send
    timeout=timeout,
  File "/usr/lib/python3/dist-packages/urllib3/connectionpool.py", line 638, in urlopen
    _stacktrace=sys.exc_info()[2])
  File "/usr/lib/python3/dist-packages/urllib3/util/retry.py", line 398, in increment
    raise MaxRetryError(_pool, url, error or ResponseError(cause))
urllib3.exceptions.MaxRetryError: HTTPSConnectionPool(host='optimism-mainnet.infura.io', port=443): Max retries exceeded with url: /v3/9715c9bf2b9c47109c84cabf0fbcaae5 (Caused by NewConnectionError('<urllib3.connection.VerifiedHTTPSConnection object at 0xb4f34c30>: Failed to establish a new connection: [Errno -3] Temporary failure in name resolution'))

During handling of the above exception, another exception occurred:

Traceback (most recent call last):
  File "update.py", line 38, in <module>
    gas_estimate = contract.functions.updateData(int(sTemp), int(sHumi), int(sLux), int(sPress)).estimate_gas() * 20
  File "/home/pi/.local/lib/python3.7/site-packages/web3/contract.py", line 1061, in estimate_gas
    **self.kwargs
  File "/home/pi/.local/lib/python3.7/site-packages/web3/contract.py", line 1644, in estimate_gas_for_function
    return web3.eth.estimate_gas(estimate_transaction, block_identifier)
  File "/home/pi/.local/lib/python3.7/site-packages/web3/eth.py", line 868, in estimate_gas
    return self._estimate_gas(transaction, block_identifier)
  File "/home/pi/.local/lib/python3.7/site-packages/web3/module.py", line 60, in caller
    null_result_formatters)
  File "/home/pi/.local/lib/python3.7/site-packages/web3/manager.py", line 197, in request_blocking
    response = self._make_request(method, params)
  File "/home/pi/.local/lib/python3.7/site-packages/web3/manager.py", line 150, in _make_request
    return request_func(method, params)
  File "/home/pi/.local/lib/python3.7/site-packages/web3/middleware/signing.py", line 149, in middleware
    return make_request(method, params)
  File "/home/pi/.local/lib/python3.7/site-packages/web3/middleware/formatting.py", line 94, in middleware
    response = make_request(method, params)
  File "/home/pi/.local/lib/python3.7/site-packages/web3/middleware/gas_price_strategy.py", line 90, in middleware
    return make_request(method, params)
  File "/home/pi/.local/lib/python3.7/site-packages/web3/middleware/formatting.py", line 94, in middleware
    response = make_request(method, params)
  File "/home/pi/.local/lib/python3.7/site-packages/web3/middleware/attrdict.py", line 33, in middleware
    response = make_request(method, params)
  File "/home/pi/.local/lib/python3.7/site-packages/web3/middleware/formatting.py", line 94, in middleware
    response = make_request(method, params)
  File "/home/pi/.local/lib/python3.7/site-packages/web3/middleware/formatting.py", line 87, in middleware
    web3_formatters_builder(w3, method),
  File "/home/pi/.local/lib/python3.7/site-packages/web3/middleware/validation.py", line 140, in build_method_validators
    w3_chain_id = w3.eth.chain_id
  File "/home/pi/.local/lib/python3.7/site-packages/web3/eth.py", line 632, in chain_id
    return self._chain_id()
  File "/home/pi/.local/lib/python3.7/site-packages/web3/module.py", line 60, in caller
    null_result_formatters)
  File "/home/pi/.local/lib/python3.7/site-packages/web3/manager.py", line 197, in request_blocking
    response = self._make_request(method, params)
  File "/home/pi/.local/lib/python3.7/site-packages/web3/manager.py", line 150, in _make_request
    return request_func(method, params)
  File "/home/pi/.local/lib/python3.7/site-packages/web3/middleware/signing.py", line 149, in middleware
    return make_request(method, params)
  File "/home/pi/.local/lib/python3.7/site-packages/web3/middleware/formatting.py", line 94, in middleware
    response = make_request(method, params)
  File "/home/pi/.local/lib/python3.7/site-packages/web3/middleware/gas_price_strategy.py", line 90, in middleware
    return make_request(method, params)
  File "/home/pi/.local/lib/python3.7/site-packages/web3/middleware/formatting.py", line 94, in middleware
    response = make_request(method, params)
  File "/home/pi/.local/lib/python3.7/site-packages/web3/middleware/attrdict.py", line 33, in middleware
    response = make_request(method, params)
  File "/home/pi/.local/lib/python3.7/site-packages/web3/middleware/formatting.py", line 94, in middleware
    response = make_request(method, params)
  File "/home/pi/.local/lib/python3.7/site-packages/web3/middleware/formatting.py", line 94, in middleware
    response = make_request(method, params)
  File "/home/pi/.local/lib/python3.7/site-packages/web3/middleware/formatting.py", line 94, in middleware
    response = make_request(method, params)
  File "/home/pi/.local/lib/python3.7/site-packages/web3/middleware/buffered_gas_estimate.py", line 40, in middleware
    return make_request(method, params)
  File "/home/pi/.local/lib/python3.7/site-packages/web3/middleware/formatting.py", line 94, in middleware
    response = make_request(method, params)
  File "/home/pi/.local/lib/python3.7/site-packages/web3/middleware/exception_retry_request.py", line 114, in middleware
    return make_request(method, params)
  File "/home/pi/.local/lib/python3.7/site-packages/web3/providers/rpc.py", line 91, in make_request
    **self.get_request_kwargs()
  File "/home/pi/.local/lib/python3.7/site-packages/web3/_utils/request.py", line 102, in make_post_request
    response = session.post(endpoint_uri, data=data, *args, **kwargs)  # type: ignore
  File "/home/pi/.local/lib/python3.7/site-packages/requests/sessions.py", line 635, in post
    return self.request("POST", url, data=data, json=json, **kwargs)
  File "/home/pi/.local/lib/python3.7/site-packages/requests/sessions.py", line 587, in request
    resp = self.send(prep, **send_kwargs)
  File "/home/pi/.local/lib/python3.7/site-packages/requests/sessions.py", line 701, in send
    r = adapter.send(request, **kwargs)
  File "/home/pi/.local/lib/python3.7/site-packages/requests/adapters.py", line 565, in send
    raise ConnectionError(e, request=request)
requests.exceptions.ConnectionError: HTTPSConnectionPool(host='optimism-mainnet.infura.io', port=443): Max retries exceeded with url: /v3/9715c9bf2b9c47109c84cabf0fbcaae5 (Caused by NewConnectionError('<urllib3.connection.VerifiedHTTPSConnection object at 0xb4f34c30>: Failed to establish a new connection: [Errno -3] Temporary failure in name resolution'))